
Starting report s_room_det [Sun Oct 22 01:56:31 2017] ...
End report s_room_det [Sun Oct 22 01:56:42 2017].

Starting report s_room_det [Sun Oct 22 02:02:01 2017] ...
End report s_room_det [Sun Oct 22 02:02:09 2017].

Starting report s_room_det [Sun Oct 22 02:03:49 2017] ...
End report s_room_det [Sun Oct 22 02:11:18 2017].

Starting report s_room_det [Sun Oct 22 02:11:21 2017] ...
End report s_room_det [Sun Oct 22 02:11:25 2017].

Starting report s_room_det [Sun Oct 22 02:11:36 2017] ...
End report s_room_det [Sun Oct 22 02:11:41 2017].

Starting report s_room_det [Sun Oct 22 02:11:45 2017] ...
End report s_room_det [Sun Oct 22 02:11:47 2017].

Starting report SEC_ITEM [Sun Oct 22 02:13:08 2017] ...
End report SEC_ITEM [Sun Oct 22 02:13:14 2017].

Starting report s_room_det [Sun Oct 22 02:13:55 2017] ...
End report s_room_det [Sun Oct 22 02:14:13 2017].

Starting report SANAD_CASH [Tue Feb 20 17:40:54 2018] ...
End report SANAD_CASH [Tue Feb 20 17:41:03 2018].

Starting report SANAD_CASH [Tue Feb 20 17:41:05 2018] ...
End report SANAD_CASH [Tue Feb 20 17:41:16 2018].

Starting report SANAD_CASH [Tue Feb 20 17:41:17 2018] ...
End report SANAD_CASH [Tue Feb 20 17:41:19 2018].

Starting report SANAD_CASH [Tue Feb 20 17:41:20 2018] ...
End report SANAD_CASH [Tue Feb 20 17:41:25 2018].

Starting report SANAD_CASH [Tue Feb 20 17:47:31 2018] ...
End report SANAD_CASH [Tue Feb 20 17:47:32 2018].

Starting report SANAD_total [Tue Feb 20 17:47:39 2018] ...
End report SANAD_total [Tue Feb 20 17:47:43 2018].

Starting report a_mos [Tue Feb 20 17:48:24 2018] ...
End report a_mos [Tue Feb 20 17:48:31 2018].

Starting report SANAD_CASH [Tue Feb 20 17:48:38 2018] ...
End report SANAD_CASH [Tue Feb 20 17:48:47 2018].

Starting report yaw [Tue Feb 20 19:17:54 2018] ...
End report yaw [Tue Feb 20 19:22:01 2018].

Starting report yaw [Tue Feb 20 19:23:10 2018] ...
End report yaw [Tue Feb 20 19:23:34 2018].

Starting report r_cust_ch [Tue Feb 20 19:23:56 2018] ...
End report r_cust_ch [Tue Feb 20 19:24:37 2018].

Starting report yaw [Tue Feb 20 19:34:18 2018] ...
End report yaw [Tue Feb 20 19:37:47 2018].

Starting report yaw [Tue Feb 20 19:37:48 2018] ...
End report yaw [Tue Feb 20 19:37:57 2018].

Starting report r_cust_ch [Tue Feb 20 19:38:06 2018] ...
End report r_cust_ch [Tue Feb 20 19:40:02 2018].

Starting report yaw [Tue Feb 20 19:40:07 2018] ...
End report yaw [Tue Feb 20 19:40:20 2018].

Starting report r_cust_ch [Tue Feb 20 19:46:51 2018] ...
End report r_cust_ch [Tue Feb 20 19:50:05 2018].

Starting report r_cust_ch [Tue Feb 20 19:50:06 2018] ...
End report r_cust_ch [Tue Feb 20 19:50:10 2018].

Starting report r_cust_ch [Tue Feb 20 19:50:49 2018] ...
End report r_cust_ch [Tue Feb 20 19:51:09 2018].

Starting report yaw [Tue Feb 20 19:58:38 2018] ...
End report yaw [Tue Feb 20 19:58:54 2018].

Starting report yaw [Tue Feb 20 19:59:11 2018] ...
End report yaw [Tue Feb 20 19:59:59 2018].

Starting report yaw [Tue Feb 20 20:00:00 2018] ...
End report yaw [Tue Feb 20 20:01:23 2018].

Starting report yaw [Tue Feb 20 20:01:51 2018] ...
End report yaw [Tue Feb 20 20:14:16 2018].

Starting report ch_product [Tue Feb 20 20:52:44 2018] ...
End report ch_product [Tue Feb 20 20:53:25 2018].

Starting report ch_product [Tue Feb 20 20:53:29 2018] ...
End report ch_product [Tue Feb 20 20:53:41 2018].

Starting report ch_product [Tue Feb 20 20:53:46 2018] ...
End report ch_product [Tue Feb 20 20:53:59 2018].

Starting report ch_product [Tue Feb 20 20:54:40 2018] ...
REP-1401: 'cf_1formula': Fatal PL/SQL error occurred.
ORA-01403: no data found

End report ch_product [Tue Feb 20 20:54:41 2018].

Starting report ch_product [Tue Feb 20 20:55:33 2018] ...
REP-1401: 'cf_1formula': Fatal PL/SQL error occurred.
ORA-01403: no data found

End report ch_product [Tue Feb 20 20:55:34 2018].

Starting report ch_product [Tue Feb 20 20:55:37 2018] ...
End report ch_product [Tue Feb 20 20:55:39 2018].

Starting report ch_product [Tue Feb 20 20:55:41 2018] ...
REP-1401: 'cf_1formula': Fatal PL/SQL error occurred.
ORA-01403: no data found

End report ch_product [Tue Feb 20 20:55:45 2018].

Starting report s_item_det [Tue Feb 20 20:56:09 2018] ...
End report s_item_det [Tue Feb 20 20:57:52 2018].

Starting report s_item_det [Tue Feb 20 20:58:55 2018] ...
End report s_item_det [Tue Feb 20 20:59:04 2018].

Starting report s_item_det [Tue Feb 20 20:59:33 2018] ...
End report s_item_det [Tue Feb 20 20:59:56 2018].

Starting report s_item_det [Tue Feb 20 21:00:21 2018] ...
End report s_item_det [Tue Feb 20 21:00:34 2018].

Starting report s_item_det [Tue Feb 20 21:00:53 2018] ...
End report s_item_det [Tue Feb 20 21:01:24 2018].

Starting report s_room_det [Tue Feb 20 21:02:03 2018] ...
End report s_room_det [Tue Feb 20 21:02:58 2018].

Starting report s_room_item1 [Tue Feb 20 21:03:06 2018] ...
End report s_room_item1 [Tue Feb 20 21:04:22 2018].

Starting report s_item_det [Tue Feb 20 21:05:10 2018] ...
End report s_item_det [Tue Feb 20 21:06:01 2018].

Starting report s_room_item1 [Tue Feb 20 21:06:07 2018] ...
End report s_room_item1 [Tue Feb 20 21:06:43 2018].

Starting report ch_buy [Tue Feb 20 21:08:00 2018] ...
End report ch_buy [Tue Feb 20 21:08:03 2018].

Starting report ch_buy [Tue Feb 20 21:08:06 2018] ...
End report ch_buy [Tue Feb 20 21:08:07 2018].

Starting report ch_buy [Tue Feb 20 21:08:10 2018] ...
End report ch_buy [Tue Feb 20 21:08:12 2018].

Starting report ch_buy [Tue Feb 20 21:08:14 2018] ...
End report ch_buy [Tue Feb 20 21:08:15 2018].

Starting report ch_buy [Tue Feb 20 21:08:18 2018] ...
End report ch_buy [Tue Feb 20 21:08:23 2018].
